[2022-03-29 23:31:30] local.DEBUG: Message-ID: <797a38a89e7266f0b3c96b0f035a966a@127.0.0.1>
Date: Tue, 29 Mar 2022 23:31:30 +0600
Subject: Register Mail
From: Laravel <saxah23332@gmail.com>
To: saxah23332@gmail.com
MIME-Version: 1.0
Content-Type: text/html; charset=utf-8
Content-Transfer-Encoding: quoted-printable

Текаст
  
[2022-03-29 23:31:52] local.DEBUG: Message-ID: <57d8899249d26e3385efb0c246249f82@127.0.0.1>
Date: Tue, 29 Mar 2022 23:31:52 +0600
Subject: Register Mail
From: Laravel <saxah23332@gmail.com>
To: saxah23332@gmail.com
MIME-Version: 1.0
Content-Type: text/html; charset=utf-8
Content-Transfer-Encoding: quoted-printable

Текаст
  
[2022-03-29 23:32:02] local.DEBUG: Message-ID: <2889ba1b78bbe5dbe08dfbe732bc74b1@127.0.0.1>
Date: Tue, 29 Mar 2022 23:32:02 +0600
Subject: Register Mail
From: Laravel <saxah23332@gmail.com>
To: saxah23332@gmail.com
MIME-Version: 1.0
Content-Type: text/html; charset=utf-8
Content-Transfer-Encoding: quoted-printable

Текаст
  
[2022-03-29 23:38:18] local.DEBUG: Message-ID: <4b063db9e00f555ddd1deaf55d242425@127.0.0.1>
Date: Tue, 29 Mar 2022 23:38:18 +0600
Subject: Register Mail
From: Laravel <saxah23332@gmail.com>
To: saxah23332@gmail.com
MIME-Version: 1.0
Content-Type: text/html; charset=utf-8
Content-Transfer-Encoding: quoted-printable

Текаст
  
[2022-03-29 23:39:34] local.DEBUG: Message-ID: <9dc06210e2b45f5ff4711d719d6b5466@127.0.0.1>
Date: Tue, 29 Mar 2022 23:39:34 +0600
Subject: Register Mail
From: Laravel <saxah23332@gmail.com>
To: saxah23332@gmail.com
MIME-Version: 1.0
Content-Type: text/html; charset=utf-8
Content-Transfer-Encoding: quoted-printable

Текаст
  
[2022-03-29 23:39:41] local.DEBUG: Message-ID: <cbf52c09c1db9ce7a7117175f9fae8a6@127.0.0.1>
Date: Tue, 29 Mar 2022 23:39:41 +0600
Subject: Register Mail
From: Laravel <saxah23332@gmail.com>
To: saxah23332@gmail.com
MIME-Version: 1.0
Content-Type: text/html; charset=utf-8
Content-Transfer-Encoding: quoted-printable

Текаст
  
